<?xml version="1.0" encoding="UTF-8"?>
<!-- Generated by org.testng.reporters.JUnitReportReporter -->
<testsuite hostname="LAPTOP-FBQ671D5" failures="0" tests="1" name="com.hrms.testscripts.TC002" time="10.157" errors="0" timestamp="16 Aug 2022 20:05:41 GMT">
  <testcase classname="com.hrms.testscripts.TC002" name="tc002" time="10.157"/>
</testsuite> <!-- com.hrms.testscripts.TC002 -->
