<?xml version="1.0" encoding="UTF-8"?>
<!-- Generated by org.testng.reporters.JUnitReportReporter -->
<testsuite hostname="LAPTOP-FBQ671D5" failures="0" tests="1" name="com.hrms.testscripts.TC001" time="10.341" errors="0" timestamp="16 Aug 2022 19:08:05 GMT">
  <testcase classname="com.hrms.testscripts.TC001" name="tc001" time="10.341"/>
</testsuite> <!-- com.hrms.testscripts.TC001 -->
